<?xml version="1.0" encoding="UTF-8"?>
<testsuite xmlns:xsi="http://www.w3.org/2001/XMLSchema-instance" xsi:noNamespaceSchemaLocation="https://maven.apache.org/surefire/maven-surefire-plugin/xsd/surefire-test-report.xsd" version="3.0.2" name="com.example.bili.BiliApplicationTests" time="2.742" tests="1" errors="0" skipped="0" failures="0">
  <properties>
[...]
</properties>
  <testcase name="contextLoads" classname="com.example.bili.BiliApplicationTests" time="0.647">
    <system-out><![CDATA[00:21:08.500 [main] INFO org.springframework.test.context.support.AnnotationConfigContextLoaderUtils -- Could not detect default configuration classes for test class [com.example.bili.BiliApplicationTests]: BiliApplicationTests does not declare any static, non-private, non-final, nested classes annotated with @Configuration.
00:21:08.589 [main] INFO org.springframework.boot.test.context.SpringBootTestContextBootstrapper -- Found @SpringBootConfiguration com.example.bili.BiliApplication for test class com.example.bili.BiliApplicationTests

  .   ____          _            __ _ _
 /\\ / ___'_ __ _ _(_)_ __  __ _ \ \ \ \
( ( )\___ | '_ | '_| | '_ \/ _` | \ \ \ \
 \\/  ___)| |_)| | | | | || (_| |  ) ) ) )
  '  |____| .__|_| |_|_| |_\__, | / / / /
 =========|_|==============|___/=/_/_/_/

 :: Spring Boot ::                (v3.5.3)

2025-07-06T00:21:08.953+08:00  INFO 20432 --- [bili] [           main] com.example.bili.BiliApplicationTests    : Starting BiliApplicationTests using Java 17.0.12 with PID 20432 (started by Administrator in D:\bili\bili)
2025-07-06T00:21:08.955+08:00  INFO 20432 --- [bili] [           main] com.example.bili.BiliApplicationTests    : No active profile set, falling back to 1 default profile: "default"
 _ _   |_  _ _|_. ___ _ |    _ 
| | |\/|_)(_| | |_\  |_)||_|_\ 
     /               |         
                        3.5.12 
2025-07-06T00:21:10.338+08:00  INFO 20432 --- [bili] [           main] m.e.s.MybatisPlusApplicationContextAware : Register ApplicationContext instances org.springframework.web.context.support.GenericWebApplicationContext@669d2b1b
2025-07-06T00:21:10.469+08:00  INFO 20432 --- [bili] [           main] com.example.bili.BiliApplicationTests    : Started BiliApplicationTests in 1.742 seconds (process running for 2.491)
]]></system-out>
  </testcase>
</testsuite>